[2020-10-16T15:38:50,274 ERROR] gg.rsmod.game.model.queue.QueueTask - Error with plugin!
java.lang.IllegalArgumentException: Parameter specified as non-null is null: method gg.rsmod.plugins.service.sql.models.Player.<init>, parameter displayNameLastChanged
	at gg.rsmod.plugins.service.sql.models.Player.<init>(PlayerModel.kt) ~[plugins-0.0.4.jar:?]
	at gg.rsmod.plugins.service.sql.services.PlayerService.toPlayer(PlayerService.kt:15) ~[plugins-0.0.4.jar:?]
	at gg.rsmod.plugins.service.sql.services.PlayerService.access$toPlayer(PlayerService.kt:9) ~[plugins-0.0.4.jar:?]
	at gg.rsmod.plugins.service.sql.services.PlayerService$getAllUsers$1.invoke(PlayerService.kt:11) ~[plugins-0.0.4.jar:?]
	at gg.rsmod.plugins.service.sql.services.PlayerService$getAllUsers$1.invoke(PlayerService.kt:9) ~[plugins-0.0.4.jar:?]
	at org.jetbrains.exposed.sql.transactions.ThreadLocalTransactionManagerKt$inTopLevelTransaction$1.invoke(ThreadLocalTransactionManager.kt:154) ~[exposed-0.16.1.jar:?]
	at org.jetbrains.exposed.sql.transactions.ThreadLocalTransactionManagerKt$inTopLevelTransaction$2.invoke(ThreadLocalTransactionManager.kt:195) ~[exposed-0.16.1.jar:?]
	at org.jetbrains.exposed.sql.transactions.ThreadLocalTransactionManagerKt.keepAndRestoreTransactionRefAfterRun(ThreadLocalTransactionManager.kt:202) ~[exposed-0.16.1.jar:?]
	at org.jetbrains.exposed.sql.transactions.ThreadLocalTransactionManagerKt.inTopLevelTransaction(ThreadLocalTransactionManager.kt:194) ~[exposed-0.16.1.jar:?]
	at org.jetbrains.exposed.sql.transactions.ThreadLocalTransactionManagerKt$transaction$1.invoke(ThreadLocalTransactionManager.kt:132) ~[exposed-0.16.1.jar:?]
	at org.jetbrains.exposed.sql.transactions.ThreadLocalTransactionManagerKt.keepAndRestoreTransactionRefAfterRun(ThreadLocalTransactionManager.kt:202) ~[exposed-0.16.1.jar:?]
	at org.jetbrains.exposed.sql.transactions.ThreadLocalTransactionManagerKt.transaction(ThreadLocalTransactionManager.kt:105) ~[exposed-0.16.1.jar:?]
	at org.jetbrains.exposed.sql.transactions.ThreadLocalTransactionManagerKt.transaction(ThreadLocalTransactionManager.kt:103) ~[exposed-0.16.1.jar:?]
	at org.jetbrains.exposed.sql.transactions.ThreadLocalTransactionManagerKt.transaction$default(ThreadLocalTransactionManager.kt:102) ~[exposed-0.16.1.jar:?]
	at gg.rsmod.plugins.service.sql.services.PlayerService.getAllUsers(PlayerService.kt:10) ~[plugins-0.0.4.jar:?]
	at gg.rsmod.plugins.service.sql.controllers.DisplayNameController.displayNameIsAvailable(DisplayNameController.kt:40) ~[plugins-0.0.4.jar:?]
	at gg.rsmod.plugins.content.mechanics.displayname.Display_name_interface_plugin$2$1.invokeSuspend(display_name_interface.plugin.kts:25) ~[plugins-0.0.4.jar:?]
	at kotlin.coroutines.jvm.internal.BaseContinuationImpl.resumeWith(ContinuationImpl.kt:33) [kotlin-stdlib-1.3.31.jar:1.3.31-release-198 (1.3.31)]
	at kotlin.coroutines.SafeContinuation.resumeWith(SafeContinuationJvm.kt:42) [kotlin-stdlib-1.3.31.jar:1.3.31-release-198 (1.3.31)]
	at gg.rsmod.game.model.queue.QueueTask.cycle$game(QueueTask.kt:64) [main/:?]
	at gg.rsmod.game.model.queue.impl.PawnQueueTaskSet.cycle(PawnQueueTaskSet.kt:29) [main/:?]
	at gg.rsmod.game.task.QueueHandlerTask$execute$1.invoke(QueueHandlerTask.kt:19) [main/:?]
	at gg.rsmod.game.task.QueueHandlerTask$execute$1.invoke(QueueHandlerTask.kt:12) [main/:?]
	at gg.rsmod.game.model.PawnList.forEach(PawnList.kt:36) [main/:?]
	at gg.rsmod.game.task.QueueHandlerTask.execute(QueueHandlerTask.kt:18) [main/:?]
	at gg.rsmod.game.service.GameService.cycle(GameService.kt:227) [main/:?]
	at gg.rsmod.game.service.GameService.access$cycle(GameService.kt:33) [main/:?]
	at gg.rsmod.game.service.GameService$init$1.invoke(GameService.kt:129) [main/:?]
	at gg.rsmod.game.service.GameService$init$1.invoke(GameService.kt:33) [main/:?]
	at gg.rsmod.game.service.GameService$sam$java_lang_Runnable$0.run(GameService.kt) [main/:?]
	at java.util.concurrent.Executors$RunnableAdapter.call(Executors.java:515) [?:?]
	at java.util.concurrent.FutureTask.runAndReset(FutureTask.java:305) [?:?]
	at java.util.concurrent.ScheduledThreadPoolExecutor$ScheduledFutureTask.run(ScheduledThreadPoolExecutor.java:305) [?:?]
	at java.util.concurrent.ThreadPoolExecutor.runWorker(ThreadPoolExecutor.java:1128) [?:?]
	at java.util.concurrent.ThreadPoolExecutor$Worker.run(ThreadPoolExecutor.java:628) [?:?]
	at java.lang.Thread.run(Thread.java:834) [?:?]
